This is pdfTeX, Version 3.141592653-2.6-1.40.25 (TeX Live 2023/Debian) (preloaded format=pdflatex 2026.4.6)  28 APR 2026 03:55
entering extended mode
 restricted \write18 enabled.
 %&-line parsing enabled.
**final_report_aiaa.tex
(./final_report_aiaa.tex
LaTeX2e <2023-11-01> patch level 1
L3 programming layer <2024-01-22>
(/usr/share/texlive/texmf-dist/tex/latex/base/article.cls
Document Class: article 2023/05/17 v1.4n Standard LaTeX document class
(/usr/share/texlive/texmf-dist/tex/latex/base/size10.clo
File: size10.clo 2023/05/17 v1.4n Standard LaTeX file (size option)
)
\c@part=\count187
\c@section=\count188
\c@subsection=\count189
\c@subsubsection=\count190
\c@paragraph=\count191
\c@subparagraph=\count192
\c@figure=\count193
\c@table=\count194
\abovecaptionskip=\skip48
\belowcaptionskip=\skip49
\bibindent=\dimen140
)
(/usr/share/texlive/texmf-dist/tex/latex/base/fontenc.sty
Package: fontenc 2021/04/29 v2.0v Standard LaTeX package
)
(/usr/share/texlive/texmf-dist/tex/latex/base/inputenc.sty
Package: inputenc 2021/02/14 v1.3d Input encoding file
\inpenc@prehook=\toks17
\inpenc@posthook=\toks18
)
(/usr/share/texlive/texmf-dist/tex/latex/psnfss/mathptmx.sty
Package: mathptmx 2020/03/25 PSNFSS-v9.3 Times w/ Math, improved (SPQR, WaS) 
LaTeX Font Info:    Redeclaring symbol font `operators' on input line 28.
LaTeX Font Info:    Overwriting symbol font `operators' in version `normal'
(Font)                  OT1/cmr/m/n --> OT1/ztmcm/m/n on input line 28.
LaTeX Font Info:    Overwriting symbol font `operators' in version `bold'
(Font)                  OT1/cmr/bx/n --> OT1/ztmcm/m/n on input line 28.
LaTeX Font Info:    Redeclaring symbol font `letters' on input line 29.
LaTeX Font Info:    Overwriting symbol font `letters' in version `normal'
(Font)                  OML/cmm/m/it --> OML/ztmcm/m/it on input line 29.
LaTeX Font Info:    Overwriting symbol font `letters' in version `bold'
(Font)                  OML/cmm/b/it --> OML/ztmcm/m/it on input line 29.
LaTeX Font Info:    Redeclaring symbol font `symbols' on input line 30.
LaTeX Font Info:    Overwriting symbol font `symbols' in version `normal'
(Font)                  OMS/cmsy/m/n --> OMS/ztmcm/m/n on input line 30.
LaTeX Font Info:    Overwriting symbol font `symbols' in version `bold'
(Font)                  OMS/cmsy/b/n --> OMS/ztmcm/m/n on input line 30.
LaTeX Font Info:    Redeclaring symbol font `largesymbols' on input line 31.
LaTeX Font Info:    Overwriting symbol font `largesymbols' in version `normal'
(Font)                  OMX/cmex/m/n --> OMX/ztmcm/m/n on input line 31.
LaTeX Font Info:    Overwriting symbol font `largesymbols' in version `bold'
(Font)                  OMX/cmex/m/n --> OMX/ztmcm/m/n on input line 31.
\symbold=\mathgroup4
\symitalic=\mathgroup5
LaTeX Font Info:    Redeclaring math alphabet \mathbf on input line 34.
LaTeX Font Info:    Overwriting math alphabet `\mathbf' in version `normal'
(Font)                  OT1/cmr/bx/n --> OT1/ptm/bx/n on input line 34.
LaTeX Font Info:    Overwriting math alphabet `\mathbf' in version `bold'
(Font)                  OT1/cmr/bx/n --> OT1/ptm/bx/n on input line 34.
LaTeX Font Info:    Redeclaring math alphabet \mathit on input line 35.
LaTeX Font Info:    Overwriting math alphabet `\mathit' in version `normal'
(Font)                  OT1/cmr/m/it --> OT1/ptm/m/it on input line 35.
LaTeX Font Info:    Overwriting math alphabet `\mathit' in version `bold'
(Font)                  OT1/cmr/bx/it --> OT1/ptm/m/it on input line 35.
LaTeX Info: Redefining \hbar on input line 50.
)
(/usr/share/texlive/texmf-dist/tex/latex/microtype/microtype.sty
Package: microtype 2023/03/13 v3.1a Micro-typographical refinements (RS)

(/usr/share/texlive/texmf-dist/tex/latex/graphics/keyval.sty
Package: keyval 2022/05/29 v1.15 key=value parser (DPC)
\KV@toks@=\toks19
)
(/usr/share/texlive/texmf-dist/tex/latex/etoolbox/etoolbox.sty
Package: etoolbox 2020/10/05 v2.5k e-TeX tools for LaTeX (JAW)
\etb@tempcnta=\count195
)
\MT@toks=\toks20
\MT@tempbox=\box51
\MT@count=\count196
LaTeX Info: Redefining \noprotrusionifhmode on input line 1059.
LaTeX Info: Redefining \leftprotrusion on input line 1060.
\MT@prot@toks=\toks21
LaTeX Info: Redefining \rightprotrusion on input line 1078.
LaTeX Info: Redefining \textls on input line 1368.
\MT@outer@kern=\dimen141
LaTeX Info: Redefining \textmicrotypecontext on input line 1988.
\MT@listname@count=\count197

(/usr/share/texlive/texmf-dist/tex/latex/microtype/microtype-pdftex.def
File: microtype-pdftex.def 2023/03/13 v3.1a Definitions specific to pdftex (RS)

LaTeX Info: Redefining \lsstyle on input line 902.
LaTeX Info: Redefining \lslig on input line 902.
\MT@outer@space=\skip50
)
Package microtype Info: Loading configuration file microtype.cfg.

(/usr/share/texlive/texmf-dist/tex/latex/microtype/microtype.cfg
File: microtype.cfg 2023/03/13 v3.1a microtype main configuration file (RS)
))
(/usr/share/texlive/texmf-dist/tex/latex/geometry/geometry.sty
Package: geometry 2020/01/02 v5.9 Page Geometry

(/usr/share/texlive/texmf-dist/tex/generic/iftex/ifvtex.sty
Package: ifvtex 2019/10/25 v1.7 ifvtex legacy package. Use iftex instead.

(/usr/share/texlive/texmf-dist/tex/generic/iftex/iftex.sty
Package: iftex 2022/02/03 v1.0f TeX engine tests
))
\Gm@cnth=\count198
\Gm@cntv=\count199
\c@Gm@tempcnt=\count266
\Gm@bindingoffset=\dimen142
\Gm@wd@mp=\dimen143
\Gm@odd@mp=\dimen144
\Gm@even@mp=\dimen145
\Gm@layoutwidth=\dimen146
\Gm@layoutheight=\dimen147
\Gm@layouthoffset=\dimen148
\Gm@layoutvoffset=\dimen149
\Gm@dimlist=\toks22
)
(/usr/share/texlive/texmf-dist/tex/latex/titlesec/titlesec.sty
Package: titlesec 2023/10/27 v2.16 Sectioning titles
\ttl@box=\box52
\beforetitleunit=\skip51
\aftertitleunit=\skip52
\ttl@plus=\dimen150
\ttl@minus=\dimen151
\ttl@toksa=\toks23
\titlewidth=\dimen152
\titlewidthlast=\dimen153
\titlewidthfirst=\dimen154
)
(/usr/share/texlive/texmf-dist/tex/latex/amsmath/amsmath.sty
Package: amsmath 2023/05/13 v2.17o AMS math features
\@mathmargin=\skip53

For additional information on amsmath, use the `?' option.
(/usr/share/texlive/texmf-dist/tex/latex/amsmath/amstext.sty
Package: amstext 2021/08/26 v2.01 AMS text

(/usr/share/texlive/texmf-dist/tex/latex/amsmath/amsgen.sty
File: amsgen.sty 1999/11/30 v2.0 generic functions
\@emptytoks=\toks24
\ex@=\dimen155
))
(/usr/share/texlive/texmf-dist/tex/latex/amsmath/amsbsy.sty
Package: amsbsy 1999/11/29 v1.2d Bold Symbols
\pmbraise@=\dimen156
)
(/usr/share/texlive/texmf-dist/tex/latex/amsmath/amsopn.sty
Package: amsopn 2022/04/08 v2.04 operator names
)
\inf@bad=\count267
LaTeX Info: Redefining \frac on input line 234.
\uproot@=\count268
\leftroot@=\count269
LaTeX Info: Redefining \overline on input line 399.
LaTeX Info: Redefining \colon on input line 410.
\classnum@=\count270
\DOTSCASE@=\count271
LaTeX Info: Redefining \ldots on input line 496.
LaTeX Info: Redefining \dots on input line 499.
LaTeX Info: Redefining \cdots on input line 620.
\Mathstrutbox@=\box53
\strutbox@=\box54
LaTeX Info: Redefining \big on input line 722.
LaTeX Info: Redefining \Big on input line 723.
LaTeX Info: Redefining \bigg on input line 724.
LaTeX Info: Redefining \Bigg on input line 725.
\big@size=\dimen157
LaTeX Font Info:    Redeclaring font encoding OML on input line 743.
LaTeX Font Info:    Redeclaring font encoding OMS on input line 744.
\macc@depth=\count272
LaTeX Info: Redefining \bmod on input line 905.
LaTeX Info: Redefining \pmod on input line 910.
LaTeX Info: Redefining \smash on input line 940.
LaTeX Info: Redefining \relbar on input line 970.
LaTeX Info: Redefining \Relbar on input line 971.
\c@MaxMatrixCols=\count273
\dotsspace@=\muskip16
\c@parentequation=\count274
\dspbrk@lvl=\count275
\tag@help=\toks25
\row@=\count276
\column@=\count277
\maxfields@=\count278
\andhelp@=\toks26
\eqnshift@=\dimen158
\alignsep@=\dimen159
\tagshift@=\dimen160
\tagwidth@=\dimen161
\totwidth@=\dimen162
\lineht@=\dimen163
\@envbody=\toks27
\multlinegap=\skip54
\multlinetaggap=\skip55
\mathdisplay@stack=\toks28
LaTeX Info: Redefining \[ on input line 2953.
LaTeX Info: Redefining \] on input line 2954.
)
(/usr/share/texlive/texmf-dist/tex/latex/amsfonts/amssymb.sty
Package: amssymb 2013/01/14 v3.01 AMS font symbols

(/usr/share/texlive/texmf-dist/tex/latex/amsfonts/amsfonts.sty
Package: amsfonts 2013/01/14 v3.01 Basic AMSFonts support
\symAMSa=\mathgroup6
\symAMSb=\mathgroup7
LaTeX Font Info:    Overwriting math alphabet `\mathfrak' in version `bold'
(Font)                  U/euf/m/n --> U/euf/b/n on input line 106.
))
(/usr/share/texlive/texmf-dist/tex/latex/booktabs/booktabs.sty
Package: booktabs 2020/01/12 v1.61803398 Publication quality tables
\heavyrulewidth=\dimen164
\lightrulewidth=\dimen165
\cmidrulewidth=\dimen166
\belowrulesep=\dimen167
\belowbottomsep=\dimen168
\aboverulesep=\dimen169
\abovetopsep=\dimen170
\cmidrulesep=\dimen171
\cmidrulekern=\dimen172
\defaultaddspace=\dimen173
\@cmidla=\count279
\@cmidlb=\count280
\@aboverulesep=\dimen174
\@belowrulesep=\dimen175
\@thisruleclass=\count281
\@lastruleclass=\count282
\@thisrulewidth=\dimen176
)
(/usr/share/texlive/texmf-dist/tex/latex/tools/array.sty
Package: array 2023/10/16 v2.5g Tabular extension package (FMi)
\col@sep=\dimen177
\ar@mcellbox=\box55
\extrarowheight=\dimen178
\NC@list=\toks29
\extratabsurround=\skip56
\backup@length=\skip57
\ar@cellbox=\box56
)
(/usr/share/texlive/texmf-dist/tex/latex/multirow/multirow.sty
Package: multirow 2021/03/15 v2.8 Span multiple rows of a table
\multirow@colwidth=\skip58
\multirow@cntb=\count283
\multirow@dima=\skip59
\bigstrutjot=\dimen179
)
(/usr/share/texlive/texmf-dist/tex/latex/tools/tabularx.sty
Package: tabularx 2023/07/08 v2.11c `tabularx' package (DPC)
\TX@col@width=\dimen180
\TX@old@table=\dimen181
\TX@old@col=\dimen182
\TX@target=\dimen183
\TX@delta=\dimen184
\TX@cols=\count284
\TX@ftn=\toks30
)
(/usr/share/texlive/texmf-dist/tex/latex/graphics/graphicx.sty
Package: graphicx 2021/09/16 v1.2d Enhanced LaTeX Graphics (DPC,SPQR)

(/usr/share/texlive/texmf-dist/tex/latex/graphics/graphics.sty
Package: graphics 2022/03/10 v1.4e Standard LaTeX Graphics (DPC,SPQR)

(/usr/share/texlive/texmf-dist/tex/latex/graphics/trig.sty
Package: trig 2021/08/11 v1.11 sin cos tan (DPC)
)
(/usr/share/texlive/texmf-dist/tex/latex/graphics-cfg/graphics.cfg
File: graphics.cfg 2016/06/04 v1.11 sample graphics configuration
)
Package graphics Info: Driver file: pdftex.def on input line 107.

(/usr/share/texlive/texmf-dist/tex/latex/graphics-def/pdftex.def
File: pdftex.def 2022/09/22 v1.2b Graphics/color driver for pdftex
))
\Gin@req@height=\dimen185
\Gin@req@width=\dimen186
)
(/usr/share/texlive/texmf-dist/tex/latex/caption/caption.sty
Package: caption 2023/08/05 v3.6o Customizing captions (AR)

(/usr/share/texlive/texmf-dist/tex/latex/caption/caption3.sty
Package: caption3 2023/07/31 v2.4d caption3 kernel (AR)
\caption@tempdima=\dimen187
\captionmargin=\dimen188
\caption@leftmargin=\dimen189
\caption@rightmargin=\dimen190
\caption@width=\dimen191
\caption@indent=\dimen192
\caption@parindent=\dimen193
\caption@hangindent=\dimen194
Package caption Info: Standard document class detected.
)
\c@caption@flags=\count285
\c@continuedfloat=\count286
)
(/usr/share/texlive/texmf-dist/tex/latex/caption/subcaption.sty
Package: subcaption 2023/07/28 v1.6b Sub-captions (AR)
Package caption Info: New subtype `subfigure' on input line 238.
\c@subfigure=\count287
Package caption Info: New subtype `subtable' on input line 238.
\c@subtable=\count288
)
(/usr/share/texlive/texmf-dist/tex/latex/float/float.sty
Package: float 2001/11/08 v1.3d Float enhancements (AL)
\c@float@type=\count289
\float@exts=\toks31
\float@box=\box57
\@float@everytoks=\toks32
\@floatcapt=\box58
)
(/usr/share/texlive/texmf-dist/tex/latex/psnfss/pifont.sty
Package: pifont 2020/03/25 PSNFSS-v9.3 Pi font support (SPQR) 
LaTeX Font Info:    Trying to load font information for U+pzd on input line 63.


(/usr/share/texlive/texmf-dist/tex/latex/psnfss/upzd.fd
File: upzd.fd 2001/06/04 font definitions for U/pzd.
)
LaTeX Font Info:    Trying to load font information for U+psy on input line 64.


(/usr/share/texlive/texmf-dist/tex/latex/psnfss/upsy.fd
File: upsy.fd 2001/06/04 font definitions for U/psy.
))
(/usr/share/texlive/texmf-dist/tex/latex/hyperref/hyperref.sty
Package: hyperref 2024-01-20 v7.01h Hypertext links for LaTeX

(/usr/share/texlive/texmf-dist/tex/latex/kvsetkeys/kvsetkeys.sty
Package: kvsetkeys 2022-10-05 v1.19 Key value parser (HO)
)
(/usr/share/texlive/texmf-dist/tex/generic/kvdefinekeys/kvdefinekeys.sty
Package: kvdefinekeys 2019-12-19 v1.6 Define keys (HO)
)
(/usr/share/texlive/texmf-dist/tex/generic/pdfescape/pdfescape.sty
Package: pdfescape 2019/12/09 v1.15 Implements pdfTeX's escape features (HO)

(/usr/share/texlive/texmf-dist/tex/generic/ltxcmds/ltxcmds.sty
Package: ltxcmds 2023-12-04 v1.26 LaTeX kernel commands for general use (HO)
)
(/usr/share/texlive/texmf-dist/tex/generic/pdftexcmds/pdftexcmds.sty
Package: pdftexcmds 2020-06-27 v0.33 Utility functions of pdfTeX for LuaTeX (HO
)

(/usr/share/texlive/texmf-dist/tex/generic/infwarerr/infwarerr.sty
Package: infwarerr 2019/12/03 v1.5 Providing info/warning/error messages (HO)
)
Package pdftexcmds Info: \pdf@primitive is available.
Package pdftexcmds Info: \pdf@ifprimitive is available.
Package pdftexcmds Info: \pdfdraftmode found.
))
(/usr/share/texlive/texmf-dist/tex/latex/hycolor/hycolor.sty
Package: hycolor 2020-01-27 v1.10 Color options for hyperref/bookmark (HO)
)
(/usr/share/texlive/texmf-dist/tex/latex/auxhook/auxhook.sty
Package: auxhook 2019-12-17 v1.6 Hooks for auxiliary files (HO)
)
(/usr/share/texlive/texmf-dist/tex/latex/hyperref/nameref.sty
Package: nameref 2023-11-26 v2.56 Cross-referencing by name of section

(/usr/share/texlive/texmf-dist/tex/latex/refcount/refcount.sty
Package: refcount 2019/12/15 v3.6 Data extraction from label references (HO)
)
(/usr/share/texlive/texmf-dist/tex/generic/gettitlestring/gettitlestring.sty
Package: gettitlestring 2019/12/15 v1.6 Cleanup title references (HO)

(/usr/share/texlive/texmf-dist/tex/latex/kvoptions/kvoptions.sty
Package: kvoptions 2022-06-15 v3.15 Key value format for package options (HO)
))
\c@section@level=\count290
)
\@linkdim=\dimen195
\Hy@linkcounter=\count291
\Hy@pagecounter=\count292

(/usr/share/texlive/texmf-dist/tex/latex/hyperref/pd1enc.def
File: pd1enc.def 2024-01-20 v7.01h Hyperref: PDFDocEncoding definition (HO)
Now handling font encoding PD1 ...
... no UTF-8 mapping file for font encoding PD1
)
(/usr/share/texlive/texmf-dist/tex/generic/intcalc/intcalc.sty
Package: intcalc 2019/12/15 v1.3 Expandable calculations with integers (HO)
)
\Hy@SavedSpaceFactor=\count293

(/usr/share/texlive/texmf-dist/tex/latex/hyperref/puenc.def
File: puenc.def 2024-01-20 v7.01h Hyperref: PDF Unicode definition (HO)
Now handling font encoding PU ...
... no UTF-8 mapping file for font encoding PU
)
Package hyperref Info: Option `colorlinks' set `true' on input line 4062.
Package hyperref Info: Hyper figures OFF on input line 4179.
Package hyperref Info: Link nesting OFF on input line 4184.
Package hyperref Info: Hyper index ON on input line 4187.
Package hyperref Info: Plain pages OFF on input line 4194.
Package hyperref Info: Backreferencing OFF on input line 4199.
Package hyperref Info: Implicit mode ON; LaTeX internals redefined.
Package hyperref Info: Bookmarks ON on input line 4446.
\c@Hy@tempcnt=\count294

(/usr/share/texlive/texmf-dist/tex/latex/url/url.sty
\Urlmuskip=\muskip17
Package: url 2013/09/16  ver 3.4  Verb mode for urls, etc.
)
LaTeX Info: Redefining \url on input line 4784.
\XeTeXLinkMargin=\dimen196

(/usr/share/texlive/texmf-dist/tex/generic/bitset/bitset.sty
Package: bitset 2019/12/09 v1.3 Handle bit-vector datatype (HO)

(/usr/share/texlive/texmf-dist/tex/generic/bigintcalc/bigintcalc.sty
Package: bigintcalc 2019/12/15 v1.5 Expandable calculations on big integers (HO
)
))
\Fld@menulength=\count295
\Field@Width=\dimen197
\Fld@charsize=\dimen198
Package hyperref Info: Hyper figures OFF on input line 6063.
Package hyperref Info: Link nesting OFF on input line 6068.
Package hyperref Info: Hyper index ON on input line 6071.
Package hyperref Info: backreferencing OFF on input line 6078.
Package hyperref Info: Link coloring ON on input line 6081.
Package hyperref Info: Link coloring with OCG OFF on input line 6088.
Package hyperref Info: PDF/A mode OFF on input line 6093.

(/usr/share/texlive/texmf-dist/tex/latex/base/atbegshi-ltx.sty
Package: atbegshi-ltx 2021/01/10 v1.0c Emulation of the original atbegshi
package with kernel methods
)
\Hy@abspage=\count296
\c@Item=\count297
\c@Hfootnote=\count298
)
Package hyperref Info: Driver (autodetected): hpdftex.

(/usr/share/texlive/texmf-dist/tex/latex/hyperref/hpdftex.def
File: hpdftex.def 2024-01-20 v7.01h Hyperref driver for pdfTeX

(/usr/share/texlive/texmf-dist/tex/latex/base/atveryend-ltx.sty
Package: atveryend-ltx 2020/08/19 v1.0a Emulation of the original atveryend pac
kage
with kernel methods
)
\Fld@listcount=\count299
\c@bookmark@seq@number=\count300

(/usr/share/texlive/texmf-dist/tex/latex/rerunfilecheck/rerunfilecheck.sty
Package: rerunfilecheck 2022-07-10 v1.10 Rerun checks for auxiliary files (HO)

(/usr/share/texlive/texmf-dist/tex/generic/uniquecounter/uniquecounter.sty
Package: uniquecounter 2019/12/15 v1.4 Provide unlimited unique counter (HO)
)
Package uniquecounter Info: New unique counter `rerunfilecheck' on input line 2
85.
)
\Hy@SectionHShift=\skip60
)
LaTeX Font Info:    Trying to load font information for T1+ptm on input line 11
6.

(/usr/share/texlive/texmf-dist/tex/latex/psnfss/t1ptm.fd
File: t1ptm.fd 2001/06/04 font definitions for T1/ptm.
)
(/usr/share/texlive/texmf-dist/tex/latex/l3backend/l3backend-pdftex.def
File: l3backend-pdftex.def 2024-01-04 L3 backend support: PDF output (pdfTeX)
\l__color_backend_stack_int=\count301
\l__pdf_internal_box=\box59
)
(./final_report_aiaa.aux)
\openout1 = `final_report_aiaa.aux'.

LaTeX Font Info:    Checking defaults for OML/cmm/m/it on input line 116.
LaTeX Font Info:    ... okay on input line 116.
LaTeX Font Info:    Checking defaults for OMS/cmsy/m/n on input line 116.
LaTeX Font Info:    ... okay on input line 116.
LaTeX Font Info:    Checking defaults for OT1/cmr/m/n on input line 116.
LaTeX Font Info:    ... okay on input line 116.
LaTeX Font Info:    Checking defaults for T1/cmr/m/n on input line 116.
LaTeX Font Info:    ... okay on input line 116.
LaTeX Font Info:    Checking defaults for TS1/cmr/m/n on input line 116.
LaTeX Font Info:    ... okay on input line 116.
LaTeX Font Info:    Checking defaults for OMX/cmex/m/n on input line 116.
LaTeX Font Info:    ... okay on input line 116.
LaTeX Font Info:    Checking defaults for U/cmr/m/n on input line 116.
LaTeX Font Info:    ... okay on input line 116.
LaTeX Font Info:    Checking defaults for PD1/pdf/m/n on input line 116.
LaTeX Font Info:    ... okay on input line 116.
LaTeX Font Info:    Checking defaults for PU/pdf/m/n on input line 116.
LaTeX Font Info:    ... okay on input line 116.
LaTeX Info: Redefining \microtypecontext on input line 116.
Package microtype Info: Applying patch `item' on input line 116.
Package microtype Info: Applying patch `toc' on input line 116.
Package microtype Info: Applying patch `eqnum' on input line 116.
Package microtype Info: Applying patch `footnote' on input line 116.
Package microtype Info: Applying patch `verbatim' on input line 116.
Package microtype Info: Generating PDF output.
Package microtype Info: Character protrusion enabled (level 2).
Package microtype Info: Using default protrusion set `alltext'.
Package microtype Info: Automatic font expansion enabled (level 2),
(microtype)             stretch: 20, shrink: 20, step: 1, non-selected.
Package microtype Info: Using default expansion set `alltext-nott'.
LaTeX Info: Redefining \showhyphens on input line 116.
Package microtype Info: No adjustment of tracking.
Package microtype Info: No adjustment of interword spacing.
Package microtype Info: No adjustment of character kerning.

(/usr/share/texlive/texmf-dist/tex/latex/microtype/mt-ptm.cfg
File: mt-ptm.cfg 2006/04/20 v1.7 microtype config. file: Times (RS)
)
*geometry* driver: auto-detecting
*geometry* detected driver: pdftex
*geometry* verbose mode - [ preamble ] result:
* driver: pdftex
* paper: letterpaper
* layout: <same size as paper>
* layoutoffset:(h,v)=(0.0pt,0.0pt)
* modes: 
* h-part:(L,W,R)=(72.26999pt, 469.75502pt, 72.26999pt)
* v-part:(T,H,B)=(72.26999pt, 650.43001pt, 72.26999pt)
* \paperwidth=614.295pt
* \paperheight=794.96999pt
* \textwidth=469.75502pt
* \textheight=650.43001pt
* \oddsidemargin=0.0pt
* \evensidemargin=0.0pt
* \topmargin=-37.0pt
* \headheight=12.0pt
* \headsep=25.0pt
* \topskip=10.0pt
* \footskip=30.0pt
* \marginparwidth=65.0pt
* \marginparsep=11.0pt
* \columnsep=10.0pt
* \skip\footins=9.0pt plus 4.0pt minus 2.0pt
* \hoffset=0.0pt
* \voffset=0.0pt
* \mag=1000
* \@twocolumnfalse
* \@twosidefalse
* \@mparswitchfalse
* \@reversemarginfalse
* (1in=72.27pt=25.4mm, 1cm=28.453pt)

(/usr/share/texlive/texmf-dist/tex/context/base/mkii/supp-pdf.mkii
[Loading MPS to PDF converter (version 2006.09.02).]
\scratchcounter=\count302
\scratchdimen=\dimen199
\scratchbox=\box60
\nofMPsegments=\count303
\nofMParguments=\count304
\everyMPshowfont=\toks33
\MPscratchCnt=\count305
\MPscratchDim=\dimen256
\MPnumerator=\count306
\makeMPintoPDFobject=\count307
\everyMPtoPDFconversion=\toks34
) (/usr/share/texlive/texmf-dist/tex/latex/epstopdf-pkg/epstopdf-base.sty
Package: epstopdf-base 2020-01-24 v2.11 Base part for package epstopdf
Package epstopdf-base Info: Redefining graphics rule for `.eps' on input line 4
85.

(/usr/share/texlive/texmf-dist/tex/latex/latexconfig/epstopdf-sys.cfg
File: epstopdf-sys.cfg 2010/07/13 v1.3 Configuration of (r)epstopdf for TeX Liv
e
))
Package caption Info: Begin \AtBeginDocument code.
Package caption Info: float package is loaded.
Package caption Info: hyperref package is loaded.
Package caption Info: End \AtBeginDocument code.

(/usr/share/texlive/texmf-dist/tex/latex/graphics/color.sty
Package: color 2022/01/06 v1.3d Standard LaTeX Color (DPC)

(/usr/share/texlive/texmf-dist/tex/latex/graphics-cfg/color.cfg
File: color.cfg 2016/01/02 v1.6 sample color configuration
)
Package color Info: Driver file: pdftex.def on input line 149.

(/usr/share/texlive/texmf-dist/tex/latex/graphics/mathcolor.ltx))
Package hyperref Info: Link coloring ON on input line 116.

(./final_report_aiaa.out) (./final_report_aiaa.out)
\@outlinefile=\write3
\openout3 = `final_report_aiaa.out'.

LaTeX Font Info:    Trying to load font information for OT1+ztmcm on input line
 117.

(/usr/share/texlive/texmf-dist/tex/latex/psnfss/ot1ztmcm.fd
File: ot1ztmcm.fd 2000/01/03 Fontinst v1.801 font definitions for OT1/ztmcm.
)
Package microtype Info: Loading generic protrusion settings for font family
(microtype)             `ztmcm' (encoding: OT1).
(microtype)             For optimal results, create family-specific settings.
(microtype)             See the microtype manual for details.
LaTeX Font Info:    Trying to load font information for OML+ztmcm on input line
 117.

(/usr/share/texlive/texmf-dist/tex/latex/psnfss/omlztmcm.fd
File: omlztmcm.fd 2000/01/03 Fontinst v1.801 font definitions for OML/ztmcm.
)
LaTeX Font Info:    Trying to load font information for OMS+ztmcm on input line
 117.

(/usr/share/texlive/texmf-dist/tex/latex/psnfss/omsztmcm.fd
File: omsztmcm.fd 2000/01/03 Fontinst v1.801 font definitions for OMS/ztmcm.
)
LaTeX Font Info:    Trying to load font information for OMX+ztmcm on input line
 117.

(/usr/share/texlive/texmf-dist/tex/latex/psnfss/omxztmcm.fd
File: omxztmcm.fd 2000/01/03 Fontinst v1.801 font definitions for OMX/ztmcm.
)
LaTeX Font Info:    Trying to load font information for OT1+ptm on input line 1
17.

(/usr/share/texlive/texmf-dist/tex/latex/psnfss/ot1ptm.fd
File: ot1ptm.fd 2001/06/04 font definitions for OT1/ptm.
)
LaTeX Font Info:    Font shape `OT1/ptm/bx/n' in size <10> not available
(Font)              Font shape `OT1/ptm/b/n' tried instead on input line 117.
LaTeX Font Info:    Font shape `OT1/ptm/bx/n' in size <7.4> not available
(Font)              Font shape `OT1/ptm/b/n' tried instead on input line 117.
LaTeX Font Info:    Font shape `OT1/ptm/bx/n' in size <6> not available
(Font)              Font shape `OT1/ptm/b/n' tried instead on input line 117.

(/usr/share/texlive/texmf-dist/tex/latex/microtype/mt-msa.cfg
File: mt-msa.cfg 2006/02/04 v1.1 microtype config. file: AMS symbols (a) (RS)
)
(/usr/share/texlive/texmf-dist/tex/latex/microtype/mt-msb.cfg
File: mt-msb.cfg 2005/06/01 v1.0 microtype config. file: AMS symbols (b) (RS)
) [1

{/var/lib/texmf/fonts/map/pdftex/updmap/pdftex.map}{/usr/share/texlive/texmf-di
st/fonts/enc/dvips/base/8r.enc}]
LaTeX Font Info:    Trying to load font information for TS1+ptm on input line 2
69.
 (/usr/share/texlive/texmf-dist/tex/latex/psnfss/ts1ptm.fd
File: ts1ptm.fd 2001/06/04 font definitions for TS1/ptm.
)
[2] (/usr/share/texlive/texmf-dist/tex/latex/base/t1cmtt.fd)
Overfull \hbox (71.05986pt too wide) in paragraph at lines 335--339
[]\T1/ptm/b/n/10 (-20) Box-Cox fea-ture set (12 scalars) \T1/ptm/m/n/10 (-20) u
sed by GPR and Poly-no-mial Re-gres-sion: the 7 en-gi-neered fea-tures plus \T1
/cmtt/m/n/10 max_vm_stress_at_failure\T1/ptm/m/n/10 (-20) ,
 []

<../figures-v2/fig_01_target_dist.png, id=244, 425.9112pt x 295.3434pt>
File: ../figures-v2/fig_01_target_dist.png Graphic file (type png)
<use ../figures-v2/fig_01_target_dist.png>
Package pdftex.def Info: ../figures-v2/fig_01_target_dist.png  used on input li
ne 350.
(pdftex.def)             Requested size: 352.31625pt x 244.31024pt.
<../figures-v2/fig_02_engineered_dist.png, id=246, 1010.8164pt x 916.3836pt>
File: ../figures-v2/fig_02_engineered_dist.png Graphic file (type png)
<use ../figures-v2/fig_02_engineered_dist.png>
Package pdftex.def Info: ../figures-v2/fig_02_engineered_dist.png  used on inpu
t line 358.
(pdftex.def)             Requested size: 469.75502pt x 425.86229pt.
[3{/usr/share/texmf/fonts/enc/dvips/cm-super/cm-super-t1.enc} <../figures-v2/fi
g_01_target_dist.png>]
<../figures-v2/fig_04_engineered_scatter.png, id=260, 1010.8164pt x 1001.1804pt
>
File: ../figures-v2/fig_04_engineered_scatter.png Graphic file (type png)
<use ../figures-v2/fig_04_engineered_scatter.png>
Package pdftex.def Info: ../figures-v2/fig_04_engineered_scatter.png  used on i
nput line 366.
(pdftex.def)             Requested size: 469.75502pt x 465.2691pt.
 [4 <../figures-v2/fig_02_engineered_dist.png>]
<../figures-v2/fig_07_transform_r2_heatmap.png, id=267, 624.8946pt x 498.663pt>

File: ../figures-v2/fig_07_transform_r2_heatmap.png Graphic file (type png)
<use ../figures-v2/fig_07_transform_r2_heatmap.png>
Package pdftex.def Info: ../figures-v2/fig_07_transform_r2_heatmap.png  used on
 input line 374.
(pdftex.def)             Requested size: 469.75502pt x 374.87135pt.
 [5 <../figures-v2/fig_04_engineered_scatter.png>]
<../figures-v2/fig_08_boxcox_sweep.png, id=274, 1582.713pt x 853.2678pt>
File: ../figures-v2/fig_08_boxcox_sweep.png Graphic file (type png)
<use ../figures-v2/fig_08_boxcox_sweep.png>
Package pdftex.def Info: ../figures-v2/fig_08_boxcox_sweep.png  used on input l
ine 384.
(pdftex.def)             Requested size: 469.75502pt x 253.24815pt.
 [6 <../figures-v2/fig_07_transform_r2_heatmap.png>]
<../figures-v2/strain_gauge_rank_analysis.png, id=282, 1201.1274pt x 509.7444pt
>
File: ../figures-v2/strain_gauge_rank_analysis.png Graphic file (type png)
<use ../figures-v2/strain_gauge_rank_analysis.png>
Package pdftex.def Info: ../figures-v2/strain_gauge_rank_analysis.png  used on 
input line 432.
(pdftex.def)             Requested size: 469.75502pt x 199.35953pt.
 [7 <../figures-v2/fig_08_boxcox_sweep.png>]
Overfull \hbox (56.25246pt too wide) in paragraph at lines 448--451
[]\T1/ptm/b/n/10 (-20) Normalization: \T1/ptm/m/n/10 (-20) All fea-tures were s
tan-dard-ized (zero mean, unit vari-ance) us-ing \T1/cmtt/m/n/10 sklearn.prepro
cessing.StandardScaler
 []

[8 <../figures-v2/strain_gauge_rank_analysis.png>] [9] [10]
<../figures-v2/comparison_bar.png, id=318, 1156.32pt x 361.35pt>
File: ../figures-v2/comparison_bar.png Graphic file (type png)
<use ../figures-v2/comparison_bar.png>
Package pdftex.def Info: ../figures-v2/comparison_bar.png  used on input line 7
20.
(pdftex.def)             Requested size: 469.75502pt x 146.79808pt.
<../figures-v2/comparison_mos.png, id=319, 867.24pt x 361.35pt>
File: ../figures-v2/comparison_mos.png Graphic file (type png)
<use ../figures-v2/comparison_mos.png>
Package pdftex.def Info: ../figures-v2/comparison_mos.png  used on input line 7
28.
(pdftex.def)             Requested size: 399.29463pt x 166.37189pt.
 [11 <../figures-v2/comparison_bar.png>]
<../figures-v2/pred_vs_true.png, id=331, 1499.3616pt x 708.7278pt>
File: ../figures-v2/pred_vs_true.png Graphic file (type png)
<use ../figures-v2/pred_vs_true.png>
Package pdftex.def Info: ../figures-v2/pred_vs_true.png  used on input line 738
.
(pdftex.def)             Requested size: 469.75502pt x 222.03923pt.
<../figures-v2/residual_dist.png, id=332, 998.7714pt x 354.6048pt>
File: ../figures-v2/residual_dist.png Graphic file (type png)
<use ../figures-v2/residual_dist.png>
Package pdftex.def Info: ../figures-v2/residual_dist.png  used on input line 74
7.
(pdftex.def)             Requested size: 469.75502pt x 166.7833pt.
 [12 <../figures-v2/comparison_mos.png> <../figures-v2/pred_vs_true.png>]
<../figures-v2/abs_error_cdf.png, id=341, 565.1514pt x 348.3414pt>
File: ../figures-v2/abs_error_cdf.png Graphic file (type png)
<use ../figures-v2/abs_error_cdf.png>
Package pdftex.def Info: ../figures-v2/abs_error_cdf.png  used on input line 75
6.
(pdftex.def)             Requested size: 399.29463pt x 246.12286pt.
<../figures-v2/lr_coefficients.png, id=342, 716.4366pt x 497.6994pt>
File: ../figures-v2/lr_coefficients.png Graphic file (type png)
<use ../figures-v2/lr_coefficients.png>
Package pdftex.def Info: ../figures-v2/lr_coefficients.png  used on input line 
764.
(pdftex.def)             Requested size: 399.29463pt x 277.39595pt.
 [13 <../figures-v2/residual_dist.png> <../figures-v2/abs_error_cdf.png>]
<../figures-v2/poly_coefficients.png, id=352, 788.7066pt x 572.8602pt>
File: ../figures-v2/poly_coefficients.png Graphic file (type png)
<use ../figures-v2/poly_coefficients.png>
Package pdftex.def Info: ../figures-v2/poly_coefficients.png  used on input lin
e 776.
(pdftex.def)             Requested size: 399.29463pt x 290.02199pt.
 [14 <../figures-v2/lr_coefficients.png>]
<../figures-v2/overpredict_cdf.png, id=359, 565.1514pt x 348.3414pt>
File: ../figures-v2/overpredict_cdf.png Graphic file (type png)
<use ../figures-v2/overpredict_cdf.png>
Package pdftex.def Info: ../figures-v2/overpredict_cdf.png  used on input line 
790.
(pdftex.def)             Requested size: 399.29463pt x 246.12286pt.
 [15 <../figures-v2/poly_coefficients.png>]
<../figures-v2/safety_bars.png, id=366, 781.9614pt x 348.3414pt>
File: ../figures-v2/safety_bars.png Graphic file (type png)
<use ../figures-v2/safety_bars.png>
Package pdftex.def Info: ../figures-v2/safety_bars.png  used on input line 799.

(pdftex.def)             Requested size: 399.29463pt x 177.875pt.
<../figures-v2/error_vs_glimit.png, id=367, 1438.173pt x 567.0786pt>
File: ../figures-v2/error_vs_glimit.png Graphic file (type png)
<use ../figures-v2/error_vs_glimit.png>
Package pdftex.def Info: ../figures-v2/error_vs_glimit.png  used on input line 
807.
(pdftex.def)             Requested size: 399.29463pt x 157.43971pt.
 [16 <../figures-v2/overpredict_cdf.png> <../figures-v2/safety_bars.png>]
<../figures-v2/conservative_rate.png, id=376, 637.4214pt x 348.3414pt>
File: ../figures-v2/conservative_rate.png Graphic file (type png)
<use ../figures-v2/conservative_rate.png>
Package pdftex.def Info: ../figures-v2/conservative_rate.png  used on input lin
e 816.
(pdftex.def)             Requested size: 399.29463pt x 218.21246pt.
<../figures-v2/pinn_ablation.png, id=377, 1149.093pt x 356.532pt>
File: ../figures-v2/pinn_ablation.png Graphic file (type png)
<use ../figures-v2/pinn_ablation.png>
Package pdftex.def Info: ../figures-v2/pinn_ablation.png  used on input line 82
8.
(pdftex.def)             Requested size: 399.29463pt x 123.89043pt.
 [17 <../figures-v2/error_vs_glimit.png> <../figures-v2/conservative_rate.png>]
<../figures-v2/ablation_heatmap.png, id=386, 1064.2962pt x 384.4764pt>
File: ../figures-v2/ablation_heatmap.png Graphic file (type png)
<use ../figures-v2/ablation_heatmap.png>
Package pdftex.def Info: ../figures-v2/ablation_heatmap.png  used on input line
 837.
(pdftex.def)             Requested size: 399.29463pt x 144.24281pt.
<../figures-v2/ablation_lambda_curves.png, id=387, 1071.0414pt x 354.6048pt>
File: ../figures-v2/ablation_lambda_curves.png Graphic file (type png)
<use ../figures-v2/ablation_lambda_curves.png>
Package pdftex.def Info: ../figures-v2/ablation_lambda_curves.png  used on inpu
t line 845.
(pdftex.def)             Requested size: 399.29463pt x 132.1973pt.
<../figures-v2/feedforward_nn_loss.png, id=388, 578.16pt x 289.08pt>
File: ../figures-v2/feedforward_nn_loss.png Graphic file (type png)
<use ../figures-v2/feedforward_nn_loss.png>
Package pdftex.def Info: ../figures-v2/feedforward_nn_loss.png  used on input l
ine 856.
(pdftex.def)             Requested size: 352.31625pt x 176.15768pt.
 [18 <../figures-v2/pinn_ablation.png> <../figures-v2/ablation_heatmap.png> <..
/figures-v2/ablation_lambda_curves.png>]
<../figures-v2/pinn_loss.png, id=399, 578.16pt x 289.08pt>
File: ../figures-v2/pinn_loss.png Graphic file (type png)
<use ../figures-v2/pinn_loss.png>
Package pdftex.def Info: ../figures-v2/pinn_loss.png  used on input line 864.
(pdftex.def)             Requested size: 352.31625pt x 176.15768pt.
<../figures-v2/deep_learning_lstm_loss.png, id=400, 578.16pt x 289.08pt>
File: ../figures-v2/deep_learning_lstm_loss.png Graphic file (type png)
<use ../figures-v2/deep_learning_lstm_loss.png>
Package pdftex.def Info: ../figures-v2/deep_learning_lstm_loss.png  used on inp
ut line 872.
(pdftex.def)             Requested size: 352.31625pt x 176.15768pt.
 [19 <../figures-v2/feedforward_nn_loss.png> <../figures-v2/pinn_loss.png>]
<../figures-v2/nn_vs_pinn_per_sample.png, id=410, 808.4604pt x 354.6048pt>
File: ../figures-v2/nn_vs_pinn_per_sample.png Graphic file (type png)
<use ../figures-v2/nn_vs_pinn_per_sample.png>
Package pdftex.def Info: ../figures-v2/nn_vs_pinn_per_sample.png  used on input
 line 883.
(pdftex.def)             Requested size: 399.29463pt x 175.13762pt.
<../figures-v2/pareto_r2_vs_time.png, id=411, 565.1514pt x 384.4764pt>
File: ../figures-v2/pareto_r2_vs_time.png Graphic file (type png)
<use ../figures-v2/pareto_r2_vs_time.png>
Package pdftex.def Info: ../figures-v2/pareto_r2_vs_time.png  used on input lin
e 894.
(pdftex.def)             Requested size: 399.29463pt x 271.65428pt.
 [20 <../figures-v2/deep_learning_lstm_loss.png> <../figures-v2/nn_vs_pinn_per_
sample.png>]
<../figures-v2/pareto_r2_vs_interp.png, id=420, 637.4214pt x 384.4764pt>
File: ../figures-v2/pareto_r2_vs_interp.png Graphic file (type png)
<use ../figures-v2/pareto_r2_vs_interp.png>
Package pdftex.def Info: ../figures-v2/pareto_r2_vs_interp.png  used on input l
ine 902.
(pdftex.def)             Requested size: 399.29463pt x 240.84862pt.
<../figures-v2/pareto_r2_vs_features.png, id=421, 641.2758pt x 352.1958pt>
File: ../figures-v2/pareto_r2_vs_features.png Graphic file (type png)
<use ../figures-v2/pareto_r2_vs_features.png>
Package pdftex.def Info: ../figures-v2/pareto_r2_vs_features.png  used on input
 line 911.
(pdftex.def)             Requested size: 399.29463pt x 219.30498pt.
 [21 <../figures-v2/pareto_r2_vs_time.png> <../figures-v2/pareto_r2_vs_interp.p
ng>]
<../figures-v2/wilcoxon_pvalue.png, id=430, 618.6312pt x 492.8814pt>
File: ../figures-v2/wilcoxon_pvalue.png Graphic file (type png)
<use ../figures-v2/wilcoxon_pvalue.png>
Package pdftex.def Info: ../figures-v2/wilcoxon_pvalue.png  used on input line 
928.
(pdftex.def)             Requested size: 399.29463pt x 318.12791pt.
 [22 <../figures-v2/pareto_r2_vs_features.png>]
<../figures-v2/wilcoxon_wins.png, id=436, 998.7714pt x 375.804pt>
File: ../figures-v2/wilcoxon_wins.png Graphic file (type png)
<use ../figures-v2/wilcoxon_wins.png>
Package pdftex.def Info: ../figures-v2/wilcoxon_wins.png  used on input line 93
8.
(pdftex.def)             Requested size: 399.29463pt x 150.23865pt.
<../figures-v2/gpr_calibration.png, id=437, 817.1328pt x 356.0502pt>
File: ../figures-v2/gpr_calibration.png Graphic file (type png)
<use ../figures-v2/gpr_calibration.png>
Package pdftex.def Info: ../figures-v2/gpr_calibration.png  used on input line 
953.
(pdftex.def)             Requested size: 469.75502pt x 204.68379pt.
 [23 <../figures-v2/wilcoxon_pvalue.png> <../figures-v2/wilcoxon_wins.png>]
<../figures-v2/gpr_uncertainty_vs_glimit.png, id=446, 492.8814pt x 356.0502pt>
File: ../figures-v2/gpr_uncertainty_vs_glimit.png Graphic file (type png)
<use ../figures-v2/gpr_uncertainty_vs_glimit.png>
Package pdftex.def Info: ../figures-v2/gpr_uncertainty_vs_glimit.png  used on i
nput line 965.
(pdftex.def)             Requested size: 399.29463pt x 288.44254pt.
<../figures-v2/gpr_length_scales.png, id=447, 645.1302pt x 428.3202pt>
File: ../figures-v2/gpr_length_scales.png Graphic file (type png)
<use ../figures-v2/gpr_length_scales.png>
Package pdftex.def Info: ../figures-v2/gpr_length_scales.png  used on input lin
e 976.
(pdftex.def)             Requested size: 399.29463pt x 265.09828pt.
 [24 <../figures-v2/gpr_calibration.png> <../figures-v2/gpr_uncertainty_vs_glim
it.png>]
<../figures-v2/poly_pdp.png, id=456, 717.4002pt x 570.933pt>
File: ../figures-v2/poly_pdp.png Graphic file (type png)
<use ../figures-v2/poly_pdp.png>
Package pdftex.def Info: ../figures-v2/poly_pdp.png  used on input line 992.
(pdftex.def)             Requested size: 469.75502pt x 373.85495pt.
 [25 <../figures-v2/gpr_length_scales.png>]
<../figures-v2/rf_feature_importance.png, id=464, 717.4002pt x 500.5902pt>
File: ../figures-v2/rf_feature_importance.png Graphic file (type png)
<use ../figures-v2/rf_feature_importance.png>
Package pdftex.def Info: ../figures-v2/rf_feature_importance.png  used on input
 line 1007.
(pdftex.def)             Requested size: 399.29463pt x 278.62524pt.

[26 <../figures-v2/poly_pdp.png>]
<../figures-v2/rf_pdp.png, id=471, 717.4002pt x 570.933pt>
File: ../figures-v2/rf_pdp.png Graphic file (type png)
<use ../figures-v2/rf_pdp.png>
Package pdftex.def Info: ../figures-v2/rf_pdp.png  used on input line 1020.
(pdftex.def)             Requested size: 469.75502pt x 373.85495pt.
 [27 <../figures-v2/rf_feature_importance.png>]
<../figures-v2/rf_oob_curve.png, id=482, 572.8602pt x 356.0502pt>
File: ../figures-v2/rf_oob_curve.png Graphic file (type png)
<use ../figures-v2/rf_oob_curve.png>
Package pdftex.def Info: ../figures-v2/rf_oob_curve.png  used on input line 103
1.
(pdftex.def)             Requested size: 352.31625pt x 218.9777pt.
 [28 <../figures-v2/rf_pdp.png>] [29 <../figures-v2/rf_oob_curve.png>]
[30]
Overfull \hbox (61.61642pt too wide) in paragraph at lines 1182--1187
[]\T1/ptm/b/n/10 (-20) Physics-motivated in-ter-ac-tion terms \T1/ptm/m/n/10 (-
20) --- in-clude \T1/cmtt/m/n/10 ranked_strain_p23 $\OMS/ztmcm/m/n/10 ^^B$ \T1/
cmtt/m/n/10 boxcox_strain_energy \T1/ptm/m/n/10 (-20) and \T1/cmtt/m/n/10 ranke
d_strain_p24
 []

[31]
<../figures-v2/fig_03_raw_strain_dist.png, id=520, 1322.541pt x 853.2678pt>
File: ../figures-v2/fig_03_raw_strain_dist.png Graphic file (type png)
<use ../figures-v2/fig_03_raw_strain_dist.png>
Package pdftex.def Info: ../figures-v2/fig_03_raw_strain_dist.png  used on inpu
t line 1318.
(pdftex.def)             Requested size: 399.29463pt x 257.60979pt.
 [32]
<../figures-v2/fig_05_raw_strain_scatter.png, id=529, 1316.2776pt x 994.917pt>
File: ../figures-v2/fig_05_raw_strain_scatter.png Graphic file (type png)
<use ../figures-v2/fig_05_raw_strain_scatter.png>
Package pdftex.def Info: ../figures-v2/fig_05_raw_strain_scatter.png  used on i
nput line 1325.
(pdftex.def)             Requested size: 399.29463pt x 301.80208pt.
<../figures-v2/fig_06_predictive_summary.png, id=530, 1155.3564pt x 711.6186pt>

File: ../figures-v2/fig_06_predictive_summary.png Graphic file (type png)
<use ../figures-v2/fig_06_predictive_summary.png>
Package pdftex.def Info: ../figures-v2/fig_06_predictive_summary.png  used on i
nput line 1332.
(pdftex.def)             Requested size: 399.29463pt x 245.93216pt.
 [33 <../figures-v2/fig_03_raw_strain_dist.png> <../figures-v2/fig_05_raw_strai
n_scatter.png>]
<../figures-v2/mos_sensitivity.png, id=539, 565.1514pt x 348.3414pt>
File: ../figures-v2/mos_sensitivity.png Graphic file (type png)
<use ../figures-v2/mos_sensitivity.png>
Package pdftex.def Info: ../figures-v2/mos_sensitivity.png  used on input line 
1339.
(pdftex.def)             Requested size: 352.31625pt x 217.16536pt.
<../figures-v2/comparison_residuals.png, id=540, 1156.32pt x 578.16pt>
File: ../figures-v2/comparison_residuals.png Graphic file (type png)
<use ../figures-v2/comparison_residuals.png>
Package pdftex.def Info: ../figures-v2/comparison_residuals.png  used on input 
line 1346.
(pdftex.def)             Requested size: 469.75502pt x 234.87692pt.
 [34 <../figures-v2/fig_06_predictive_summary.png> <../figures-v2/mos_sensitivi
ty.png>]
<../figures-v2/pod_variance.png, id=549, 1300.86pt x 361.35pt>
File: ../figures-v2/pod_variance.png Graphic file (type png)
<use ../figures-v2/pod_variance.png>
Package pdftex.def Info: ../figures-v2/pod_variance.png  used on input line 135
3.
(pdftex.def)             Requested size: 352.31625pt x 97.86354pt.
<../figures-v2/pod_r2_vs_k.png, id=550, 1300.86pt x 361.35pt>
File: ../figures-v2/pod_r2_vs_k.png Graphic file (type png)
<use ../figures-v2/pod_r2_vs_k.png>
Package pdftex.def Info: ../figures-v2/pod_r2_vs_k.png  used on input line 1361
.
(pdftex.def)             Requested size: 352.31625pt x 97.86354pt.
<../figures-v2/correlation_matrix.png, id=551, 1085.4954pt x 939.0282pt>
File: ../figures-v2/correlation_matrix.png Graphic file (type png)
<use ../figures-v2/correlation_matrix.png>
Package pdftex.def Info: ../figures-v2/correlation_matrix.png  used on input li
ne 1369.
(pdftex.def)             Requested size: 469.75502pt x 406.36769pt.
 [35 <../figures-v2/comparison_residuals.png> <../figures-v2/pod_variance.png> 
<../figures-v2/pod_r2_vs_k.png>] [36 <../figures-v2/correlation_matrix.png>] (.
/final_report_aiaa.aux)
 ***********
LaTeX2e <2023-11-01> patch level 1
L3 programming layer <2024-01-22>
 ***********
Package rerunfilecheck Info: File `final_report_aiaa.out' has not changed.
(rerunfilecheck)             Checksum: 6F2846CD6F41156A0E2B974B12E1D73F;9851.
 ) 
Here is how much of TeX's memory you used:
 15649 strings out of 476182
 254149 string characters out of 5795596
 1940975 words of memory out of 5000000
 36842 multiletter control sequences out of 15000+600000
 633952 words of font info for 388 fonts, out of 8000000 for 9000
 14 hyphenation exceptions out of 8191
 75i,13n,79p,1014b,565s stack positions out of 10000i,1000n,20000p,200000b,200000s
</usr/share/texlive/texmf-dist/fonts/type1/public/amsfonts/cm/cmmi10.pfb></us
r/share/texlive/texmf-dist/fonts/type1/public/amsfonts/cm/cmr10.pfb></usr/share
/texlive/texmf-dist/fonts/type1/public/amsfonts/cm/cmsy10.pfb></usr/share/texli
ve/texmf-dist/fonts/type1/public/amsfonts/symbols/msam10.pfb></usr/share/texliv
e/texmf-dist/fonts/type1/public/rsfs/rsfs10.pfb></usr/share/texmf/fonts/type1/p
ublic/cm-super/sftt0900.pfb></usr/share/texmf/fonts/type1/public/cm-super/sftt1
000.pfb></usr/share/texlive/texmf-dist/fonts/type1/urw/symbol/usyr.pfb></usr/sh
are/texlive/texmf-dist/fonts/type1/urw/symbol/usyr.pfb></usr/share/texlive/texm
f-dist/fonts/type1/urw/times/utmb8a.pfb></usr/share/texlive/texmf-dist/fonts/ty
pe1/urw/times/utmr8a.pfb></usr/share/texlive/texmf-dist/fonts/type1/urw/times/u
tmri8a.pfb></usr/share/texlive/texmf-dist/fonts/type1/urw/zapfding/uzdr.pfb>
Output written on final_report_aiaa.pdf (36 pages, 6382752 bytes).
PDF statistics:
 664 PDF objects out of 1000 (max. 8388607)
 504 compressed objects within 6 object streams
 169 named destinations out of 1000 (max. 500000)
 70277 words of extra memory for PDF output out of 74296 (max. 10000000)

